1123
1062 1199 1063
206 1199 467
168 1199 354
651 1199 151
293 1199 776
393 1199 720
36 1194 105
1105 1179 189
74 1175 748
1000 1165 133
679 1157 712
577 1150 167
438 1150 774
312 1141 109
1088 1141 290
934 1136 1101
838 1133 863
498 1129 255
243 1124 635
241 1122 932
981 1114 891
397 1112 1124
259 1105 278
1056 1104 961
992 1102 847
474 1102 1088
99 1098 614
42 1089 948
953 1089 866
553 1082 76
540 1080 53
371 1078 98
279 1067 66
276 1061 89
208 1056 810
913 1056 52
829 1050 74
785 1049 828
664 1046 455
546 1046 494
311 1046 380
262 1044 1141
112 1044 1181
6 1044 403
834 1042 96
768 1040 60
536 1038 1159
530 1037 816
432 1037 475
300 1037 421
294 1034 1050
61 1033 444
55 1032 391
1026 1031 1070
929 1026 1148
902 1025 1170
790 1025 408
786 1024 458
731 1020 1059
696 1020 490
559 1020 433
412 1015 471
180 1014 1181
1066 1014 383
869 1013 1158
862 1012 418
586 1011 1139
465 1011 828
344 1011 788
174 1010 850
105 1009 960
91 1009 984
25 1009 809
1106 1008 401
1095 1007 448
1092 1004 944
1068 1002 1169
831 1002 247
689 1002 208
612 1001 228
545 1001 496
479 1000 431
299 999 972
184 998 994
1111 998 389
976 998 838
972 997 263
844 997 799
797 996 820
762 995 641
477 995 663
403 995 614
319 994 460
245 992 955
122 992 484
837 992 416
433 990 218
383 989 983
337 988 788
154 987 239
1102 987 627
1047 987 652
904 987 848
763 986 940
761 985 604
704 985 443
650 985 810
491 984 471
380 984 832
278 983 966
271 981 260
188 980 210
166 980 386
33 979 227
1109 979 993
1073 979 130
1015 979 154
855 979 102
769 979 428
712 979 798
485 978 637
164 978 407
20 978 493
1098 978 454
1082 978 821
1065 977 665
1064 977 88
1063 976 949
1060 976 617
1055 975 245
1050 975 978
1035 975 118
1021 975 463
1012 974 958
993 974 656
984 974 141
956 974 842
955 972 609
950 972 438
944 972 852
940 971 236
912 971 253
910 971 623
899 971 448
872 971 418
854 971 396
810 971 816
806 971 828
804 969 217
793 969 972
783 969 645
755 969 148
751 969 93
741 969 113
726 969 484
709 968 942
706 968 983
705 968 470
683 968 458
680 968 804
660 967 963
659 967 125
635 967 381
613 967 432
609 967 789
601 966 243
593 966 5
576 966 23
564 966 662
557 966 615
514 966 138
504 966 846
487 965 262
457 965 230
454 965 633
449 965 106
440 965 835
430 964 211
422 964 951
406 964 606
373 964 413
361 964 812
334 964 855
326 963 154
322 963 390
318 963 489
303 963 403
296 963 822
291 962 992
269 962 977
248 962 12
235 962 651
226 962 118
215 962 424
200 961 249
182 961 220
177 961 98
170 961 794
126 960 968
102 960 0
98 960 625
93 960 640
88 960 146
87 959 940
71 959 29
69 959 89
39 959 129
31 959 442
23 958 236
7 958 659
1121 958 612
1080 958 480
1079 958 452
1074 958 828
1048 958 805
1044 958 841
1039 957 259
1024 957 984
977 957 19
954 957 159
917 957 383
867 957 468
850 956 417
832 955 226
825 955 953
801 955 7
800 955 122
798 955 108
796 955 817
784 954 208
772 954 974
756 954 995
745 954 646
721 954 605
714 954 152
710 954 492
697 954 849
676 954 790
675 953 253
673 953 217
666 953 243
644 953 963
630 953 631
624 953 667
622 953 619
615 953 433
568 953 475
565 953 393
561 953 833
529 952 14
525 952 140
522 952 407
508 951 23
505 951 99
501 951 484
499 951 823
493 950 231
483 950 1
481 950 652
476 950 456
475 950 445
467 950 810
463 949 262
462 949 112
416 949 126
411 949 88
405 949 157
387 949 843
377 948 642
376 948 426
357 948 855
351 948 802
340 947 624
331 947 609
330 947 148
328 946 240
320 946 211
313 946 222
306 946 18
297 946 464
292 946 438
285 946 830
284 946 816
275 945 8
230 945 132
227 945 95
218 945 494
217 945 788
212 944 29
207 944 663
189 944 633
160 944 106
157 944 411
151 944 480
138 944 848
136 943 141
28 943 116
15 943 400
13 943 385
12 943 839
9 942 655
1112 941 646
1059 941 613
1052 941 433
1049 940 0
1027 940 13
1018 940 156
1013 940 90
1011 940 124
1010 940 469
999 939 639
997 939 627
982 939 461
967 938 21
962 938 667
951 938 606
949 938 99
925 938 391
911 937 147
908 937 112
900 937 426
895 936 138
890 936 382
889 936 454
879 935 27
870 935 7
864 935 658
858 935 649
856 935 160
835 935 119
826 935 439
820 935 414
818 934 16
799 934 619
780 934 634
776 934 465
764 933 611
754 933 130
748 933 486
747 933 432
742 933 396
737 932 91
724 932 494
687 931 664
684 931 102
636 931 144
633 931 387
626 931 423
625 930 2
621 929 156
610 929 110
555 929 125
544 928 11
535 928 23
528 928 136
471 927 96
458 927 118
453 926 148
452 925 29
400 924 16
399 923 105
395 923 91
390 923 159
336 923 141
314 923 128
304 922 0
255 920 115
238 920 151
224 920 99
219 920 134
192 917 108
175 917 144
159 916 94
142 915 157
140 914 123
133 914 138
124 913 113
118 913 88
111 912 131
106 912 100
104 911 152
92 910 896
82 910 910
81 910 920
67 908 903
54 907 147
52 907 119
45 907 158
1097 906 915
1096 904 893
1093 904 1006
1061 904 1044
1053 904 1027
1030 903 922
1020 903 907
1019 903 1014
1009 903 1035
1005 902 899
935 901 1022
931 901 1050
916 900 913
915 899 890
865 898 919
863 898 1032
851 898 1011
849 897 896
845 897 1041
841 897 1004
808 896 905
787 896 1017
777 895 1024
753 894 911
735 893 1036
729 893 1046
722 892 893
700 891 921
670 891 902
663 891 1010
658 891 1020
653 891 1029
642 889 915
632 888 907
628 888 1039
619 888 1015
614 887 898
604 887 1005
592 886 891
588 886 1026
582 886 1047
578 884 903
572 884 918
548 884 1033
543 884 1019
531 883 911
509 881 896
496 880 922
443 880 1041
436 880 1050
431 880 1023
428 880 1010
420 879 915
409 879 890
402 879 907
398 879 1030
382 878 1004
363 878 1016
347 875 1026
310 875 1038
287 874 1046
280 873 1012
266 873 1032
258 872 1019
240 870 1050
225 870 1041
223 869 1004
220 868 361
201 868 352
197 868 369
190 868 1027
187 867 1010
176 866 1033
162 866 1021
141 865 347
134 865 1046
132 864 365
130 864 1039
103 864 1015
94 864 557
63 864 548
57 863 358
46 863 483
44 863 458
38 863 431
37 863 471
35 863 500
18 863 491
3 862 371
1104 862 440
1094 862 1005
1076 862 563
1042 861 351
1038 861 425
1031 861 477
988 861 451
971 860 1024
970 860 1011
964 860 552
963 860 543
961 859 362
923 859 1044
881 859 1031
874 858 462
853 858 497
840 858 560
824 857 367
823 857 354
822 857 480
817 857 447
815 857 547
814 856 422
813 856 455
775 856 467
773 855 347
767 855 359
760 855 429
752 855 488
746 855 501
743 855 554
730 854 371
708 854 475
703 854 439
692 853 544
686 853 563
678 852 364
677 852 351
674 852 493
669 852 550
662 851 434
643 851 482
640 851 471
634 851 558
602 850 357
581 850 461
566 849 446
520 849 477
517 848 369
502 848 347
497 848 488
482 848 499
472 848 429
470 848 466
466 848 454
464 848 554
426 847 353
414 847 439
410 847 562
407 847 543
392 846 360
389 846 549
384 845 470
378 844 366
367 844 424
366 844 434
355 844 450
350 844 479
345 844 558
283 843 444
281 842 486
274 842 461
260 842 1154
247 842 1131
232 842 1173
205 842 1141
204 842 1161
195 842 1181
181 840 456
155 840 473
148 839 496
131 839 429
116 839 465
110 839 1149
108 838 436
101 838 490
60 838 1135
34 838 1158
19 837 484
5 837 450
1115 837 1175
1110 837 1184
1083 836 423
1071 836 1128
1069 836 1153
1067 835 500
1058 835 460
1057 835 468
1046 835 1139
1045 835 1170
1017 834 847
991 834 860
990 834 803
989 834 868
983 834 823
975 834 810
973 834 854
966 834 479
958 833 830
948 833 454
946 833 443
928 833 493
921 833 426
901 833 1150
898 833 1162
896 833 1182
893 833 1144
886 833 1156
878 832 838
873 832 1136
868 831 865
859 831 816
852 831 489
819 831 483
816 831 432
802 831 421
781 831 1130
779 831 1175
778 831 182
774 831 218
757 831 188
749 831 210
738 831 194
736 830 805
728 830 834
725 830 821
723 830 850
720 830 1169
713 830 203
698 829 842
695 829 811
656 829 450
652 829 1141
647 829 1152
629 829 226
623 829 178
608 828 829
589 828 480
563 828 425
550 828 456
547 828 436
527 828 471
524 828 1134
521 828 1179
519 828 1146
506 828 207
473 828 191
468 828 214
445 827 862
441 827 847
425 827 497
424 827 491
408 827 1163
394 827 1185
391 827 199
356 827 184
349 826 854
339 826 868
315 826 837
307 826 819
265 826 441
257 826 1129
256 826 1171
252 826 1156
250 826 1083
221 826 1093
213 826 1072
199 826 223
183 825 18
173 825 12
169 825 33
165 825 24
158 825 809
150 825 433
127 825 468
85 825 1150
77 825 1138
70 825 1053
68 825 1064
62 825 211
59 824 858
58 824 841
48 824 488
17 824 463
8 824 1088
2 824 1058
0 824 189
1116 824 219
1113 824 179
1101 824 203
1100 824 195
1089 824 227
1086 823 29
1081 823 822
1077 823 827
1032 823 501
1023 823 437
1008 823 1180
995 823 1159
985 823 1143
980 823 1079
974 822 36
960 822 21
957 822 15
947 822 806
937 822 849
933 822 493
932 822 423
918 822 479
914 822 1154
903 822 1184
892 822 1074
887 822 206
885 821 26
883 821 866
882 821 498
875 821 458
846 821 451
843 821 1177
830 821 1070
821 821 199
805 821 192
803 821 181
789 820 32
782 820 855
758 820 838
734 820 811
733 820 824
719 820 802
718 820 829
694 820 490
693 820 441
657 820 465
616 820 430
611 820 1140
583 820 1157
570 820 1173
558 820 1163
539 820 1077
538 820 1084
537 820 1095
516 820 1056
495 820 1090
490 820 186
461 820 210
447 820 177
444 820 222
429 819 13
415 819 19
388 819 435
381 819 1148
375 819 1168
360 819 1064
359 819 218
342 819 195
332 818 35
327 818 28
277 818 23
272 818 819
251 818 868
246 818 860
229 818 814
228 818 842
210 818 425
209 818 481
203 818 496
198 818 1181
185 818 1059
152 818 1073
149 818 202
147 817 851
145 817 472
125 817 1133
121 817 1142
120 817 1175
90 817 1186
79 817 1086
78 817 1053
51 817 1093
49 817 226
40 817 184
30 817 215
27 817 190
26 817 206
24 816 31
22 816 857
21 816 491
1118 816 429
1117 816 1151
1114 816 1165
1108 816 1082
1099 816 1069
1090 816 1062
1085 816 197
1075 815 12
1072 815 20
1040 815 16
1037 815 25
1033 815 866
1029 815 811
1002 815 838
994 815 823
986 815 466
965 815 487
939 815 422
936 815 444
927 815 451
907 815 1050
905 815 1089
839 815 1057
811 815 1076
795 815 180
794 815 210
788 815 200
759 814 36
711 814 845
707 814 834
685 814 854
681 814 827
665 814 432
648 814 462
638 814 438
617 814 1167
600 814 1149
584 814 1159
575 814 1129
573 814 1140
567 814 1154
549 814 1072
533 814 228
515 814 219
513 814 187
503 813 22
480 813 28
451 813 805
446 813 831
439 813 475
435 813 454
434 813 447
427 813 1182
423 813 1164
413 813 1171
365 813 1132
362 813 1176
354 813 1095
346 813 1083
343 813 1064
325 813 203
321 813 194
317 813 212
309 813 178
301 812 15
289 812 34
282 812 863
267 812 812
254 812 802
239 812 837
236 812 480
202 812 423
194 812 493
191 812 484
161 812 434
146 812 489
144 812 1161
117 812 1145
114 812 1137
107 812 1152
89 812 1069
84 812 1055
66 812 1090
43 812 226
1120 812 206
1107 811 20
1091 811 25
1078 811 30
1051 811 824
1043 811 816
1034 811 851
1016 811 840
1004 811 473
1003 811 1134
998 811 1166
996 811 1184
969 811 1178
959 811 1087
922 811 1093
909 811 184
897 811 190
888 811 209
847 811 198
833 811 216
812 810 12
792 810 27
771 810 36
765 810 17
740 810 23
739 810 867
732 810 829
727 810 848
702 810 835
661 810 463
654 810 449
649 810 495
645 810 1181
637 810 1129
627 810 1174
598 810 1142
595 810 1059
591 810 1073
590 810 1053
551 810 1096
534 810 1063
532 810 220
523 810 207
510 810 204
500 810 195
484 809 29
478 809 32
459 809 14
455 809 864
442 809 854
421 809 820
419 809 825
418 809 810
417 809 850
374 809 838
370 809 460
358 809 445
352 809 453
335 809 488
286 809 500
234 809 1160
231 809 1176
214 809 1165
193 809 1148
179 809 1133
172 809 1157
171 809 1070
167 809 1077
156 809 1094
153 809 1081
143 809 1089
128 809 1086
115 809 1056
109 809 225
100 809 211
97 809 185
96 809 200
95 809 222
83 809 197
53 808 35
32 808 19
16 808 24
14 808 852
1122 808 807
1119 808 846
1070 808 817
1014 808 442
1007 808 438
968 808 450
952 808 478
943 808 497
938 808 492
926 808 456
924 808 432
920 808 1169
894 808 1179
891 808 1150
880 808 1162
877 808 1072
871 808 1083
866 808 1064
842 808 1062
836 808 1066
809 808 206
791 808 217
770 808 176
766 808 179
750 808 190
744 808 182
716 807 21
690 807 12
672 807 16
667 807 30
646 807 28
620 807 26
618 807 33
606 807 845
603 807 848
594 807 806
585 807 856
574 807 834
571 807 495
562 807 431
560 807 477
554 807 1142
541 807 1173
518 807 1151
507 807 1161
488 807 1163
486 807 1096
448 807 1088
437 807 1082
396 807 1057
385 807 1091
364 807 1067
341 807 1063
333 807 1069
329 807 1061
324 807 1080
316 807 204
308 807 195
302 807 228
295 807 216
270 807 223
268 807 192
264 807 198
261 807 184
244 806 36
216 806 17
211 806 25
186 806 29
178 806 15
163 806 31
135 806 20
123 806 829
119 806 838
72 806 866
65 806 819
56 806 853
50 806 435
4 806 470
1 806 422
1103 806 452
1087 806 440
1084 806 491
1054 806 481
1041 806 443
1036 806 432
1028 806 438
1025 806 1168
1022 806 1171
1006 806 1177
1001 806 1138
987 806 1136
979 806 1162
978 806 1070
945 806 1073
942 806 1090
941 806 1053
930 806 1072
919 806 1068
906 806 176
884 806 210
876 806 187
861 806 202
860 806 191
857 806 212
848 806 222
828 806 179
827 805 33
807 805 19
717 805 26
715 805 35
701 805 14
699 805 21
691 805 34
688 805 30
682 805 27
671 805 12
668 805 23
655 805 813
641 805 859
639 805 803
631 805 831
607 805 818
605 805 804
599 805 848
597 805 809
596 805 424
587 805 449
580 805 464
579 805 458
569 805 442
556 805 498
552 805 489
542 805 1133
526 805 1141
512 805 1184
511 805 1153
494 805 1066
492 805 1094
489 805 1051
469 805 1054
460 805 1095
456 805 1061
450 805 1077
404 805 186
401 805 198
386 805 227
379 805 203
372 805 180
369 805 220
368 805 182
353 805 202
348 804 19
338 804 35
323 804 18
305 804 34
298 804 17
290 804 15
288 804 25
273 804 24
263 804 29
253 804 13
249 804 30
242 804 23
237 804 14
233 804 26
222 804 12
196 804 20
139 804 823
137 804 826
129 804 852
113 804 848
86 804 864
80 804 807
76 804 463
75 804 476
73 804 458
64 804 469
47 804 434
41 804 484
29 804 428
11 804 1179
10 804 1144
